<?xml version="1.0" encoding="UTF-8"?>
<testsuite xmlns:xsi="http://www.w3.org/2001/XMLSchema-instance" xsi:noNamespaceSchemaLocation="https://maven.apache.org/surefire/maven-surefire-plugin/xsd/surefire-test-report.xsd" name="com.secretary.secretaryapp.controller.ClientControllerTest" time="5.735" tests="5" errors="0" skipped="0" failures="0">
  <properties>
[...]
</properties>
  <testcase name="getAllClientsWhenThereAreNone" classname="com.secretary.secretaryapp.controller.ClientControllerTest" time="0.053"/>
  <testcase name="getAllClientsWhenThereAreSome" classname="com.secretary.secretaryapp.controller.ClientControllerTest" time="0.007"/>
  <testcase name="userNotFound" classname="com.secretary.secretaryapp.controller.ClientControllerTest" time="0.01"/>
  <testcase name="createNewValidClient" classname="com.secretary.secretaryapp.controller.ClientControllerTest" time="0.009"/>
  <testcase name="deleteActualUser" classname="com.secretary.secretaryapp.controller.ClientControllerTest" time="0.004"/>
</testsuite>